This is pdfTeX, Version 3.141592653-2.6-1.40.25 (TeX Live 2023/Debian) (preloaded format=pdflatex 2025.8.17)  17 AUG 2025 15:12
entering extended mode
 restricted \write18 enabled.
 %&-line parsing enabled.
**main_clean.tex
(./main_clean.tex
LaTeX2e <2023-11-01> patch level 1
L3 programming layer <2024-01-22>
(/usr/share/texlive/texmf-dist/tex/latex/revtex/revtex4-2.cls
Document Class: revtex4-2 2022/06/05 4.2f (https://journals.aps.org/revtex/ for
 documentation)
 Copyright (c) 2019 American Physical Society.
 mailto:revtex@aps.org
 Licensed under the LPPL:
http://www.ctan.org/tex-archive/macros/latex/base/lppl.txt
 Arthur Ogawa <arthur_ogawa at sbcglobal dot net>
 Based on work by David Carlisle <david at dcarlisle.demon.co.uk>
 Version (4.2d--4.2f): Modified by Mark Doyle and Phelype Oleinik
 .
ltxutil[2022/06/05 4.2f utilities package (portions licensed from W. E. Baxter 
web at superscript.com)]
LaTeX Info: Redefining \@centercr on input line 356.
Class revtex4-2 Info: Repairing broken LaTeX eqnarray on input line 417.
\eqncolsep=\skip48
Class revtex4-2 Info: Repairing hyperref-unfriendly LaTeX definition of \mpfoot
note on input line 492.
Class revtex4-2 Info: Repairing broken LateX \@sect on input line 814.
\intertabularlinepenalty=\count187
\@tbpen=\count188
\@arstrutbox@hline=\box51
Class revtex4-2 Info: Repairing broken LaTeX \@xbitor on input line 1845.
Class revtex4-2 Info: Making \typeout \long on input line 2110.
ltxfront[2022/06/05 4.2f frontmatter package (AO,DPC,MD)]
\c@affil=\count189
\c@collab=\count190
\absbox=\box52
ltxgrid[2022/06/05 4.2f page grid package (portions licensed from W. E. Baxter 
web at superscript.com)]
\c@linecount=\count191
\output@latex=\toks17
\box@size@1=\box53
\box@size@2=\box54
\@protection@box=\box55
\@topmark@saved=\toks18
\footins@saved=\box56
\footins@recovered=\box57
\column@recovered=\box58
\pagesofar=\box59
\footsofar=\box60
\pagegrid@col=\count192
Class revtex4-2 Info: Overriding \@vspace, \@vspacer, \@no@pgbk, \@newline, and
 \\  on input line 5676.
\c@part=\count193
\c@section=\count194
\c@subsection=\count195
\c@subsubsection=\count196
\c@paragraph=\count197
\c@subparagraph=\count198
\abovecaptionskip=\skip49
\belowcaptionskip=\skip50
\c@figure=\count199
\fbox@1=\box61
\c@table=\count266
\fbox@2=\box62
\c@video=\count267
\fbox@4=\box63
\@bibdataout=\write3
\widetext@top=\box64
\widetext@bot=\box65
Class revtex4-2 Info: Selecting society aps on input line 7669.
(/usr/share/texlive/texmf-dist/tex/latex/revtex/aps4-2.rtx
File: aps4-2 2022/06/05 4.2f (https://journals.aps.org/revtex/ for documentatio
n)
Class revtex4-2 Info: RevTeX society APS selected on input line 40.
)
Class revtex4-2 Info: Selecting journal pra on input line 7671.
Class revtex4-2 Info: APS journal PRA selected on input line 7672.

(/usr/share/texlive/texmf-dist/tex/latex/revtex/aps12pt4-2.rtx
File: aps12pt4-2 2022/06/05 4.2f (https://journals.aps.org/revtex/ for document
ation)
Class revtex4-2 Info: RevTeX pointsize 12pt selected on input line 39.
)
(/usr/share/texlive/texmf-dist/tex/latex/textcase/textcase.sty
Package: textcase 2023/07/27 v1.04 Text only upper/lower case changing (DPC)
Package textcase Info: Defining Legacy names on input line 20.
)
(/usr/share/texlive/texmf-dist/tex/latex/url/url.sty
\Urlmuskip=\muskip16
Package: url 2013/09/16  ver 3.4  Verb mode for urls, etc.
)
(/usr/share/texlive/texmf-dist/tex/latex/natbib/natbib.sty
Package: natbib 2010/09/13 8.31b (PWD, AO)
\bibhang=\skip51
\bibsep=\skip52
LaTeX Info: Redefining \cite on input line 694.
\c@NAT@ctr=\count268
)
Class revtex4-2 Info: Repairing natbib's \BibitemShut on input line 7676.

(/usr/share/texlive/texmf-dist/tex/latex/revtex/revsymb4-2.sty
Package: revsymb4-2 2022/06/05 4.2f (https://journals.aps.org/revtex/ for docum
entation)
LaTeX Info: Redefining \REV@mathfrak on input line 128.
))
(./preamble.tex (/usr/share/texlive/texmf-dist/tex/latex/graphics/graphicx.sty
Package: graphicx 2021/09/16 v1.2d Enhanced LaTeX Graphics (DPC,SPQR)

(/usr/share/texlive/texmf-dist/tex/latex/graphics/keyval.sty
Package: keyval 2022/05/29 v1.15 key=value parser (DPC)
\KV@toks@=\toks19
)
(/usr/share/texlive/texmf-dist/tex/latex/graphics/graphics.sty
Package: graphics 2022/03/10 v1.4e Standard LaTeX Graphics (DPC,SPQR)

(/usr/share/texlive/texmf-dist/tex/latex/graphics/trig.sty
Package: trig 2021/08/11 v1.11 sin cos tan (DPC)
)
(/usr/share/texlive/texmf-dist/tex/latex/graphics-cfg/graphics.cfg
File: graphics.cfg 2016/06/04 v1.11 sample graphics configuration
)
Package graphics Info: Driver file: pdftex.def on input line 107.

(/usr/share/texlive/texmf-dist/tex/latex/graphics-def/pdftex.def
File: pdftex.def 2022/09/22 v1.2b Graphics/color driver for pdftex
))
\Gin@req@height=\dimen140
\Gin@req@width=\dimen141
)
(/usr/share/texlive/texmf-dist/tex/latex/amsmath/amsmath.sty
Package: amsmath 2023/05/13 v2.17o AMS math features
\@mathmargin=\skip53

For additional information on amsmath, use the `?' option.
(/usr/share/texlive/texmf-dist/tex/latex/amsmath/amstext.sty
Package: amstext 2021/08/26 v2.01 AMS text

(/usr/share/texlive/texmf-dist/tex/latex/amsmath/amsgen.sty
File: amsgen.sty 1999/11/30 v2.0 generic functions
\@emptytoks=\toks20
\ex@=\dimen142
)
LaTeX Info: Redefining \text on input line 28.
)
(/usr/share/texlive/texmf-dist/tex/latex/amsmath/amsbsy.sty
Package: amsbsy 1999/11/29 v1.2d Bold Symbols
\pmbraise@=\dimen143
)
(/usr/share/texlive/texmf-dist/tex/latex/amsmath/amsopn.sty
Package: amsopn 2022/04/08 v2.04 operator names
)
\inf@bad=\count269
LaTeX Info: Redefining \frac on input line 234.
\uproot@=\count270
\leftroot@=\count271
LaTeX Info: Redefining \overline on input line 399.
LaTeX Info: Redefining \colon on input line 410.
\classnum@=\count272
\DOTSCASE@=\count273
LaTeX Info: Redefining \ldots on input line 496.
LaTeX Info: Redefining \dots on input line 499.
LaTeX Info: Redefining \cdots on input line 620.
\Mathstrutbox@=\box66
\strutbox@=\box67
LaTeX Info: Redefining \big on input line 722.
LaTeX Info: Redefining \Big on input line 723.
LaTeX Info: Redefining \bigg on input line 724.
LaTeX Info: Redefining \Bigg on input line 725.
\big@size=\dimen144
LaTeX Font Info:    Redeclaring font encoding OML on input line 743.
LaTeX Font Info:    Redeclaring font encoding OMS on input line 744.
\macc@depth=\count274
LaTeX Info: Redefining \bmod on input line 905.
LaTeX Info: Redefining \pmod on input line 910.
LaTeX Info: Redefining \smash on input line 940.
LaTeX Info: Redefining \relbar on input line 970.
LaTeX Info: Redefining \Relbar on input line 971.
\c@MaxMatrixCols=\count275
\dotsspace@=\muskip17
\c@parentequation=\count276
\dspbrk@lvl=\count277
\tag@help=\toks21
\row@=\count278
\column@=\count279
\maxfields@=\count280
\andhelp@=\toks22
\eqnshift@=\dimen145
\alignsep@=\dimen146
\tagshift@=\dimen147
\tagwidth@=\dimen148
\totwidth@=\dimen149
\lineht@=\dimen150
\@envbody=\toks23
\multlinegap=\skip54
\multlinetaggap=\skip55
\mathdisplay@stack=\toks24
LaTeX Info: Redefining \[ on input line 2953.
LaTeX Info: Redefining \] on input line 2954.
)
(/usr/share/texlive/texmf-dist/tex/latex/amsfonts/amssymb.sty
Package: amssymb 2013/01/14 v3.01 AMS font symbols

(/usr/share/texlive/texmf-dist/tex/latex/amsfonts/amsfonts.sty
Package: amsfonts 2013/01/14 v3.01 Basic AMSFonts support
\symAMSa=\mathgroup4
\symAMSb=\mathgroup5
LaTeX Font Info:    Redeclaring math symbol \hbar on input line 98.
LaTeX Font Info:    Overwriting math alphabet `\mathfrak' in version `bold'
(Font)                  U/euf/m/n --> U/euf/b/n on input line 106.
LaTeX Info: Redefining \frak on input line 111.
LaTeX Info: Redefining \Bbb on input line 113.
))
(/usr/share/texlive/texmf-dist/tex/latex/siunitx/siunitx.sty
Package: siunitx 2024-01-25 v3.3.10 A comprehensive (SI) units package
\l__siunitx_number_uncert_offset_int=\count281
\l__siunitx_number_exponent_fixed_int=\count282
\l__siunitx_number_min_decimal_int=\count283
\l__siunitx_number_min_integer_int=\count284
\l__siunitx_number_round_precision_int=\count285
\l__siunitx_number_lower_threshold_int=\count286
\l__siunitx_number_upper_threshold_int=\count287
\l__siunitx_number_group_first_int=\count288
\l__siunitx_number_group_size_int=\count289
\l__siunitx_number_group_minimum_int=\count290
\l__siunitx_angle_tmp_dim=\dimen151
\l__siunitx_angle_marker_box=\box68
\l__siunitx_angle_unit_box=\box69
\l__siunitx_compound_count_int=\count291

(/usr/share/texlive/texmf-dist/tex/latex/translations/translations.sty
Package: translations 2022/02/05 v1.12 internationalization of LaTeX2e packages
 (CN)

(/usr/share/texlive/texmf-dist/tex/latex/etoolbox/etoolbox.sty
Package: etoolbox 2020/10/05 v2.5k e-TeX tools for LaTeX (JAW)
\etb@tempcnta=\count292
)
(/usr/share/texlive/texmf-dist/tex/generic/pdftexcmds/pdftexcmds.sty
Package: pdftexcmds 2020-06-27 v0.33 Utility functions of pdfTeX for LuaTeX (HO
)

(/usr/share/texlive/texmf-dist/tex/generic/infwarerr/infwarerr.sty
Package: infwarerr 2019/12/03 v1.5 Providing info/warning/error messages (HO)
)
(/usr/share/texlive/texmf-dist/tex/generic/iftex/iftex.sty
Package: iftex 2022/02/03 v1.0f TeX engine tests
)
(/usr/share/texlive/texmf-dist/tex/generic/ltxcmds/ltxcmds.sty
Package: ltxcmds 2023-12-04 v1.26 LaTeX kernel commands for general use (HO)
)
Package pdftexcmds Info: \pdf@primitive is available.
Package pdftexcmds Info: \pdf@ifprimitive is available.
Package pdftexcmds Info: \pdfdraftmode found.
))
\l__siunitx_table_tmp_box=\box70
\l__siunitx_table_tmp_dim=\dimen152
\l__siunitx_table_column_width_dim=\dimen153
\l__siunitx_table_integer_box=\box71
\l__siunitx_table_decimal_box=\box72
\l__siunitx_table_uncert_box=\box73
\l__siunitx_table_before_box=\box74
\l__siunitx_table_after_box=\box75
\l__siunitx_table_before_dim=\dimen154
\l__siunitx_table_carry_dim=\dimen155
\l__siunitx_unit_tmp_int=\count293
\l__siunitx_unit_position_int=\count294
\l__siunitx_unit_total_int=\count295

(/usr/share/texlive/texmf-dist/tex/latex/tools/array.sty
Package: array 2023/10/16 v2.5g Tabular extension package (FMi)
\col@sep=\dimen156
\ar@mcellbox=\box76
\extrarowheight=\dimen157
\NC@list=\toks25
\extratabsurround=\skip56
\backup@length=\skip57
\ar@cellbox=\box77
))
(/usr/share/texlive/texmf-dist/tex/latex/microtype/microtype.sty
Package: microtype 2023/03/13 v3.1a Micro-typographical refinements (RS)
\MT@toks=\toks26
\MT@tempbox=\box78
\MT@count=\count296
LaTeX Info: Redefining \noprotrusionifhmode on input line 1059.
LaTeX Info: Redefining \leftprotrusion on input line 1060.
\MT@prot@toks=\toks27
LaTeX Info: Redefining \rightprotrusion on input line 1078.
LaTeX Info: Redefining \textls on input line 1368.
\MT@outer@kern=\dimen158
LaTeX Info: Redefining \textmicrotypecontext on input line 1988.
\MT@listname@count=\count297

(/usr/share/texlive/texmf-dist/tex/latex/microtype/microtype-pdftex.def
File: microtype-pdftex.def 2023/03/13 v3.1a Definitions specific to pdftex (RS)

LaTeX Info: Redefining \lsstyle on input line 902.
LaTeX Info: Redefining \lslig on input line 902.
\MT@outer@space=\skip58
)
Package microtype Info: Loading configuration file microtype.cfg.

(/usr/share/texlive/texmf-dist/tex/latex/microtype/microtype.cfg
File: microtype.cfg 2023/03/13 v3.1a microtype main configuration file (RS)
))
(/usr/share/texlive/texmf-dist/tex/latex/tools/xspace.sty
Package: xspace 2014/10/28 v1.13 Space after command names (DPC,MH)
)
(/usr/share/texlive/texmf-dist/tex/latex/xcolor/xcolor.sty
Package: xcolor 2023/11/15 v3.01 LaTeX color extensions (UK)

(/usr/share/texlive/texmf-dist/tex/latex/graphics-cfg/color.cfg
File: color.cfg 2016/01/02 v1.6 sample color configuration
)

Package xcolor Warning: Package option `usenames' is obsolete and ignored on in
put line 266.

Package xcolor Info: Driver file: pdftex.def on input line 274.
(/usr/share/texlive/texmf-dist/tex/latex/graphics/mathcolor.ltx)
Package xcolor Info: Model `cmy' substituted by `cmy0' on input line 1350.
Package xcolor Info: Model `hsb' substituted by `rgb' on input line 1354.
Package xcolor Info: Model `RGB' extended on input line 1366.
Package xcolor Info: Model `HTML' substituted by `rgb' on input line 1368.
Package xcolor Info: Model `Hsb' substituted by `hsb' on input line 1369.
Package xcolor Info: Model `tHsb' substituted by `hsb' on input line 1370.
Package xcolor Info: Model `HSB' substituted by `hsb' on input line 1371.
Package xcolor Info: Model `Gray' substituted by `gray' on input line 1372.
Package xcolor Info: Model `wave' substituted by `hsb' on input line 1373.
)
(/usr/share/texlive/texmf-dist/tex/latex/graphics/dvipsnam.def
File: dvipsnam.def 2016/06/17 v3.0m Driver-dependent file (DPC,SPQR)
)
(/usr/share/texlive/texmf-dist/tex/latex/hyperref/hyperref.sty
Package: hyperref 2024-01-20 v7.01h Hypertext links for LaTeX

(/usr/share/texlive/texmf-dist/tex/latex/kvsetkeys/kvsetkeys.sty
Package: kvsetkeys 2022-10-05 v1.19 Key value parser (HO)
)
(/usr/share/texlive/texmf-dist/tex/generic/kvdefinekeys/kvdefinekeys.sty
Package: kvdefinekeys 2019-12-19 v1.6 Define keys (HO)
)
(/usr/share/texlive/texmf-dist/tex/generic/pdfescape/pdfescape.sty
Package: pdfescape 2019/12/09 v1.15 Implements pdfTeX's escape features (HO)
)
(/usr/share/texlive/texmf-dist/tex/latex/hycolor/hycolor.sty
Package: hycolor 2020-01-27 v1.10 Color options for hyperref/bookmark (HO)
)
(/usr/share/texlive/texmf-dist/tex/latex/auxhook/auxhook.sty
Package: auxhook 2019-12-17 v1.6 Hooks for auxiliary files (HO)
)
(/usr/share/texlive/texmf-dist/tex/latex/hyperref/nameref.sty
Package: nameref 2023-11-26 v2.56 Cross-referencing by name of section

(/usr/share/texlive/texmf-dist/tex/latex/refcount/refcount.sty
Package: refcount 2019/12/15 v3.6 Data extraction from label references (HO)
)
(/usr/share/texlive/texmf-dist/tex/generic/gettitlestring/gettitlestring.sty
Package: gettitlestring 2019/12/15 v1.6 Cleanup title references (HO)

(/usr/share/texlive/texmf-dist/tex/latex/kvoptions/kvoptions.sty
Package: kvoptions 2022-06-15 v3.15 Key value format for package options (HO)
))

Package nameref Warning: The definition of \label has changed! 
(nameref)                Check your packages! 
(nameref)                Replacing it with the kernel definition on input line 
149.

\c@section@level=\count298
)
\@linkdim=\dimen159
\Hy@linkcounter=\count299
\Hy@pagecounter=\count300
 (/usr/share/texlive/texmf-dist/tex/latex/hyperref/pd1enc.def
File: pd1enc.def 2024-01-20 v7.01h Hyperref: PDFDocEncoding definition (HO)
Now handling font encoding PD1 ...
... no UTF-8 mapping file for font encoding PD1
)
(/usr/share/texlive/texmf-dist/tex/generic/intcalc/intcalc.sty
Package: intcalc 2019/12/15 v1.3 Expandable calculations with integers (HO)
)
\Hy@SavedSpaceFactor=\count301

(/usr/share/texlive/texmf-dist/tex/latex/hyperref/puenc.def
File: puenc.def 2024-01-20 v7.01h Hyperref: PDF Unicode definition (HO)
Now handling font encoding PU ...
... no UTF-8 mapping file for font encoding PU
)
Package hyperref Info: Option `colorlinks' set `true' on input line 4062.
Package hyperref Info: Hyper figures OFF on input line 4179.
Package hyperref Info: Link nesting OFF on input line 4184.
Package hyperref Info: Hyper index ON on input line 4187.
Package hyperref Info: Plain pages OFF on input line 4194.
Package hyperref Info: Backreferencing OFF on input line 4199.
Package hyperref Info: Implicit mode ON; LaTeX internals redefined.
Package hyperref Info: Bookmarks ON on input line 4446.
LaTeX Info: Redefining \href on input line 4695.
\c@Hy@tempcnt=\count302
LaTeX Info: Redefining \url on input line 4784.
\XeTeXLinkMargin=\dimen160

(/usr/share/texlive/texmf-dist/tex/generic/bitset/bitset.sty
Package: bitset 2019/12/09 v1.3 Handle bit-vector datatype (HO)

(/usr/share/texlive/texmf-dist/tex/generic/bigintcalc/bigintcalc.sty
Package: bigintcalc 2019/12/15 v1.5 Expandable calculations on big integers (HO
)
))
\Fld@menulength=\count303
\Field@Width=\dimen161
\Fld@charsize=\dimen162
Package hyperref Info: Hyper figures OFF on input line 6063.
Package hyperref Info: Link nesting OFF on input line 6068.
Package hyperref Info: Hyper index ON on input line 6071.
Package hyperref Info: backreferencing OFF on input line 6078.
Package hyperref Info: Link coloring ON on input line 6081.
Package hyperref Info: Link coloring with OCG OFF on input line 6088.
Package hyperref Info: PDF/A mode OFF on input line 6093.

(/usr/share/texlive/texmf-dist/tex/latex/base/atbegshi-ltx.sty
Package: atbegshi-ltx 2021/01/10 v1.0c Emulation of the original atbegshi
package with kernel methods
)
\Hy@abspage=\count304
\c@Item=\count305
\c@Hfootnote=\count306
)
Package hyperref Info: Driver (autodetected): hpdftex.

(/usr/share/texlive/texmf-dist/tex/latex/hyperref/hpdftex.def
File: hpdftex.def 2024-01-20 v7.01h Hyperref driver for pdfTeX

(/usr/share/texlive/texmf-dist/tex/latex/base/atveryend-ltx.sty
Package: atveryend-ltx 2020/08/19 v1.0a Emulation of the original atveryend pac
kage
with kernel methods
)
\Fld@listcount=\count307
\c@bookmark@seq@number=\count308

(/usr/share/texlive/texmf-dist/tex/latex/rerunfilecheck/rerunfilecheck.sty
Package: rerunfilecheck 2022-07-10 v1.10 Rerun checks for auxiliary files (HO)

(/usr/share/texlive/texmf-dist/tex/generic/uniquecounter/uniquecounter.sty
Package: uniquecounter 2019/12/15 v1.4 Provide unlimited unique counter (HO)
)
Package uniquecounter Info: New unique counter `rerunfilecheck' on input line 2
85.
)
\Hy@SectionHShift=\skip59
))
Class revtex4-2 Info: Unrecognized array package. Please update this document c
lass! (Proceeding with fingers crossed.) on input line 3.
Class revtex4-2 Info: cite was not loaded (OK!) on input line 3.
Class revtex4-2 Info: mcite was not loaded (OK!) on input line 3.
Class revtex4-2 Info: multicol was not loaded (OK!) on input line 3.
Package translations Info: No language package found. I am going to use `englis
h' as default language. on input line 3.

(/usr/share/texlive/texmf-dist/tex/latex/l3backend/l3backend-pdftex.def
File: l3backend-pdftex.def 2024-01-04 L3 backend support: PDF output (pdfTeX)
\l__color_backend_stack_int=\count309
\l__pdf_internal_box=\box79
)
(./main_clean.aux)
\openout1 = `main_clean.aux'.

LaTeX Font Info:    Checking defaults for OML/cmm/m/it on input line 3.
LaTeX Font Info:    ... okay on input line 3.
LaTeX Font Info:    Checking defaults for OMS/cmsy/m/n on input line 3.
LaTeX Font Info:    ... okay on input line 3.
LaTeX Font Info:    Checking defaults for OT1/cmr/m/n on input line 3.
LaTeX Font Info:    ... okay on input line 3.
LaTeX Font Info:    Checking defaults for T1/cmr/m/n on input line 3.
LaTeX Font Info:    ... okay on input line 3.
LaTeX Font Info:    Checking defaults for TS1/cmr/m/n on input line 3.
LaTeX Font Info:    ... okay on input line 3.
LaTeX Font Info:    Checking defaults for OMX/cmex/m/n on input line 3.
LaTeX Font Info:    ... okay on input line 3.
LaTeX Font Info:    Checking defaults for U/cmr/m/n on input line 3.
LaTeX Font Info:    ... okay on input line 3.
LaTeX Font Info:    Checking defaults for PD1/pdf/m/n on input line 3.
LaTeX Font Info:    ... okay on input line 3.
LaTeX Font Info:    Checking defaults for PU/pdf/m/n on input line 3.
LaTeX Font Info:    ... okay on input line 3.

(/usr/share/texlive/texmf-dist/tex/context/base/mkii/supp-pdf.mkii
[Loading MPS to PDF converter (version 2006.09.02).]
\scratchcounter=\count310
\scratchdimen=\dimen163
\scratchbox=\box80
\nofMPsegments=\count311
\nofMParguments=\count312
\everyMPshowfont=\toks28
\MPscratchCnt=\count313
\MPscratchDim=\dimen164
\MPnumerator=\count314
\makeMPintoPDFobject=\count315
\everyMPtoPDFconversion=\toks29
) (/usr/share/texlive/texmf-dist/tex/latex/epstopdf-pkg/epstopdf-base.sty
Package: epstopdf-base 2020-01-24 v2.11 Base part for package epstopdf
Package epstopdf-base Info: Redefining graphics rule for `.eps' on input line 4
85.

(/usr/share/texlive/texmf-dist/tex/latex/latexconfig/epstopdf-sys.cfg
File: epstopdf-sys.cfg 2010/07/13 v1.3 Configuration of (r)epstopdf for TeX Liv
e
))
(/usr/share/texlive/texmf-dist/tex/latex/translations/translations-basic-dictio
nary-english.trsl
File: translations-basic-dictionary-english.trsl (english translation file `tra
nslations-basic-dictionary')
)
Package translations Info: loading dictionary `translations-basic-dictionary' f
or `english'. on input line 3.
LaTeX Info: Redefining \microtypecontext on input line 3.
Package microtype Info: Applying patch `item' on input line 3.
Package microtype Info: Applying patch `toc' on input line 3.
Package microtype Info: Applying patch `eqnum' on input line 3.
Package microtype Info: Applying patch `footnote' on input line 3.
Package microtype Info: Applying patch `verbatim' on input line 3.
Package microtype Info: Generating PDF output.
Package microtype Info: Character protrusion enabled (level 2).
Package microtype Info: Using default protrusion set `alltext'.
Package microtype Info: Automatic font expansion enabled (level 2),
(microtype)             stretch: 20, shrink: 20, step: 1, non-selected.
Package microtype Info: Using default expansion set `alltext-nott'.
LaTeX Info: Redefining \showhyphens on input line 3.
Package microtype Info: No adjustment of tracking.
Package microtype Info: No adjustment of interword spacing.
Package microtype Info: No adjustment of character kerning.

(/usr/share/texlive/texmf-dist/tex/latex/microtype/mt-cmr.cfg
File: mt-cmr.cfg 2013/05/19 v2.2 microtype config. file: Computer Modern Roman 
(RS)
)
Package hyperref Info: Link coloring ON on input line 3.
\@outlinefile=\write4
\openout4 = `main_clean.out'.

Class revtex4-2 Info: Taking \maketitle back from hyperref on input line 3.
\openout3 = `main_cleanNotes.bib'.


(./sections/01_intro.tex [1{/var/lib/texmf/fonts/map/pdftex/updmap/pdftex.map}]
[2]

Package natbib Warning: Citation `CarnicerLombarte2024AdvMat' on page 3 undefin
ed on input line 10.


Package natbib Warning: Citation `Hergenreder2024NatBiotech' on page 3 undefine
d on input line 12.

[3]) (./sections/02_epidemiology_economic_burden.tex

Package natbib Warning: Citation `nidcd2021' on page 4 undefined on input line 
2.


Package natbib Warning: Citation `cdc2010' on page 4 undefined on input line 2.



Package natbib Warning: Citation `cdc2021' on page 4 undefined on input line 2.



Package natbib Warning: Citation `wilson2014' on page 4 undefined on input line
 2.


Package natbib Warning: Citation `SocietyCosts2000' on page 4 undefined on inpu
t line 4.


Package natbib Warning: Citation `SocietyCosts2000' on page 4 undefined on inpu
t line 4.


Package natbib Warning: Citation `Kim2020' on page 4 undefined on input line 4.



Package natbib Warning: Citation `Colburn2019' on page 4 undefined on input lin
e 4.


Package natbib Warning: Citation `WHO2025' on page 4 undefined on input line 4.



Package natbib Warning: Citation `McDaid2021' on page 4 undefined on input line
 4.


Package natbib Warning: Citation `Tordrup2022' on page 4 undefined on input lin
e 4.


Package natbib Warning: Citation `Cejas2024' on page 4 undefined on input line 
4.


Package natbib Warning: Citation `globenewswire2025cochlear' on page 4 undefine
d on input line 6.


Package natbib Warning: Citation `WHO2025' on page 4 undefined on input line 6.


) (./sections/03_cps_anatomy_routes.tex [4{/usr/share/texmf/fonts/enc/dvips/cm-
super/cm-super-ts1.enc}]

LaTeX Warning: File `Figure/3DAnatomyPanel.png' not found on input line 10.


! Package pdftex.def Error: File `Figure/3DAnatomyPanel.png' not found: using d
raft setting.

See the pdftex.def package documentation for explanation.
Type  H <return>  for immediate help.
 ...                                              
                                                  
l.10 ...=0.8\textwidth]{Figure/3DAnatomyPanel.png}
                                                  
Try typing  <return>  to proceed.
If that doesn't work, type  X <return>  to quit.

Package microtype Info: Loading generic protrusion settings for font family
(microtype)             `cmtt' (encoding: OT1).
(microtype)             For optimal results, create family-specific settings.
(microtype)             See the microtype manual for details.
LaTeX Font Info:    Trying to load font information for U+msa on input line 16.

(/usr/share/texlive/texmf-dist/tex/latex/amsfonts/umsa.fd
File: umsa.fd 2013/01/14 v3.01 AMS symbols A
)
(/usr/share/texlive/texmf-dist/tex/latex/microtype/mt-msa.cfg
File: mt-msa.cfg 2006/02/04 v1.1 microtype config. file: AMS symbols (a) (RS)
)
LaTeX Font Info:    Trying to load font information for U+msb on input line 16.


(/usr/share/texlive/texmf-dist/tex/latex/amsfonts/umsb.fd
File: umsb.fd 2013/01/14 v3.01 AMS symbols B
)
(/usr/share/texlive/texmf-dist/tex/latex/microtype/mt-msb.cfg
File: mt-msb.cfg 2005/06/01 v1.0 microtype config. file: AMS symbols (b) (RS)
)

Package natbib Warning: Citation `Davis2016' on page 5 undefined on input line 
16.


Package natbib Warning: Citation `Kawano1998' on page 5 undefined on input line
 16.


Package natbib Warning: Citation `Long2014' on page 5 undefined on input line 1
6.

[5]

Package natbib Warning: Citation `fujiwara2023morphometric' on page 6 undefined
 on input line 22.


Package natbib Warning: Citation `fujiwara2023morphometric' on page 6 undefined
 on input line 22.


Package natbib Warning: Citation `hatsushika1990dimensions' on page 6 undefined
 on input line 22.


Package natbib Warning: Citation `Liu2023FEA' on page 6 undefined on input line
 22.

[6]

Package natbib Warning: Citation `schuknecht1959' on page 7 undefined on input 
line 25.


Package natbib Warning: Citation `Schuknecht1963' on page 7 undefined on input 
line 25.


Package natbib Warning: Citation `lim1970' on page 7 undefined on input line 25
.


Package natbib Warning: Citation `sando1971' on page 7 undefined on input line 
25.


Package natbib Warning: Citation `masuda1971' on page 7 undefined on input line
 25.


Package natbib Warning: Citation `tanaka1973' on page 7 undefined on input line
 25.


Package natbib Warning: Citation `shepherd2004' on page 7 undefined on input li
ne 25.


Package natbib Warning: Citation `shepherd2004' on page 7 undefined on input li
ne 25.


Package natbib Warning: Citation `raskandersen2006' on page 7 undefined on inpu
t line 29.


Package natbib Warning: Citation `raskandersen2006' on page 7 undefined on inpu
t line 29.


Package natbib Warning: Citation `shepherd2004' on page 7 undefined on input li
ne 29.


Package natbib Warning: Citation `raskandersen2006' on page 7 undefined on inpu
t line 31.


Package natbib Warning: Citation `shepherd2004' on page 7 undefined on input li
ne 31.

[7]

Package natbib Warning: Citation `raskandersen2006' on page 8 undefined on inpu
t line 33.


Package natbib Warning: Citation `shepherd2004' on page 8 undefined on input li
ne 33.

! Undefined control sequence.
<recently read> \midrule 
                         
l.44 \midrule
             
The control sequence at the end of the top line
of your error message was never \def'ed. If you have
misspelled it (e.g., `\hobx'), type `I' and the correct
spelling (e.g., `I\hbox'). Otherwise just continue,
and I'll forget about whatever was undefined.


Package natbib Warning: Citation `ShepherdColreavy2004' on page 8 undefined on 
input line 45.


Package natbib Warning: Citation `ShepherdColreavy2004' on page 8 undefined on 
input line 46.


Package natbib Warning: Citation `ShepherdColreavy2004' on page 8 undefined on 
input line 47.


Package natbib Warning: Citation `raskandersen2006' on page 8 undefined on inpu
t line 48.


Package natbib Warning: Citation `raskandersen2006' on page 8 undefined on inpu
t line 49.


Package natbib Warning: Citation `raskandersen2006' on page 8 undefined on inpu
t line 50.

! Undefined control sequence.
<recently read> \bottomrule 
                            
l.51 \bottomrule
                
The control sequence at the end of the top line
of your error message was never \def'ed. If you have
misspelled it (e.g., `\hobx'), type `I' and the correct
spelling (e.g., `I\hbox'). Otherwise just continue,
and I'll forget about whatever was undefined.


Overfull \hbox (14.579pt too wide) in paragraph at lines 41--53
 []$[]$ 
 []


Package natbib Warning: Citation `raskandersen2006' on page 8 undefined on inpu
t line 56.

[8]

Package natbib Warning: Citation `glueckert2008' on page 9 undefined on input l
ine 58.


Package natbib Warning: Citation `Li2017' on page 9 undefined on input line 58.



Package natbib Warning: Citation `Staecker1996' on page 9 undefined on input li
ne 58.


Package natbib Warning: Citation `Leake2008' on page 9 undefined on input line 
58.


Package natbib Warning: Citation `Leake2011' on page 9 undefined on input line 
58.


Package natbib Warning: Citation `Wise2011' on page 9 undefined on input line 5
8.


Package natbib Warning: Citation `Long2014' on page 9 undefined on input line 6
1.


Package natbib Warning: Citation `Schmidbauer2023' on page 9 undefined on input
 line 61.


Package natbib Warning: Citation `Long2014' on page 9 undefined on input line 6
3.


Package natbib Warning: Citation `Kawano1998' on page 9 undefined on input line
 66.


Package natbib Warning: Citation `nadol1990' on page 9 undefined on input line 
66.


Package natbib Warning: Citation `Nadol1989' on page 9 undefined on input line 
66.


Package natbib Warning: Citation `Sriperumbudur2024' on page 9 undefined on inp
ut line 66.

[9]

Package natbib Warning: Citation `shepherd2004' on page 10 undefined on input l
ine 69.


Package natbib Warning: Citation `Carnicer-Lombarte:2025aa' on page 10 undefine
d on input line 69.

) (./sections/04_assembloid_hydrogels.tex [10]

Package natbib Warning: Citation `Zine2021StemCells' on page 11 undefined on in
put line 7.


Package natbib Warning: Citation `Sun2023CellProlif' on page 11 undefined on in
put line 7.


Package natbib Warning: Citation `Koehler2017NatBiotech' on page 11 undefined o
n input line 7.


Package natbib Warning: Citation `Chang2020ActaBiomaterialia' on page 11 undefi
ned on input line 7.


Package natbib Warning: Citation `Koehler2013Nature' on page 11 undefined on in
put line 7.


Package natbib Warning: Citation `Koehler2017NatBiotech' on page 11 undefined o
n input line 7.


Package natbib Warning: Citation `Sun2023CellProlif' on page 11 undefined on in
put line 7.


Package natbib Warning: Citation `Xia2023StemCellReports' on page 11 undefined 
on input line 9.


Package natbib Warning: Citation `Oliveira2023FrontiersPN' on page 11 undefined
 on input line 9.


Package natbib Warning: Citation `Hergenreder2024NatBiotech' on page 11 undefin
ed on input line 9.


Package natbib Warning: Citation `Oliveira2023FrontiersPN' on page 11 undefined
 on input line 12.


Package natbib Warning: Citation `Moss2024iScience' on page 11 undefined on inp
ut line 12.


Package natbib Warning: Citation `Xia2023StemCellReports' on page 11 undefined 
on input line 12.

[11]

Package natbib Warning: Citation `Zine2021StemCells' on page 12 undefined on in
put line 18.


Package natbib Warning: Citation `Millesi2023ACSAMI' on page 12 undefined on in
put line 19.


Package natbib Warning: Citation `Zhong2010NNR' on page 12 undefined on input l
ine 20.


Package natbib Warning: Citation `Mooney2011TEA' on page 12 undefined on input 
line 21.


Package natbib Warning: Citation `Zhong2010NNR' on page 12 undefined on input l
ine 22.


Package natbib Warning: Citation `Mooney2011TEA' on page 12 undefined on input 
line 23.

[12]

Package natbib Warning: Citation `Pancratov2017ColSurfB' on page 13 undefined o
n input line 26.


Package natbib Warning: Citation `Chang2020ActaBiomaterialia' on page 13 undefi
ned on input line 26.


Overfull \hbox (9.16875pt too wide) in paragraph at lines 26--27
\OT1/cmr/m/n/12 (-20) that can be in-jected and quickly re-cover, then dec-o-ra
te with ECM mo-tifs (RGD/IKVAV/YIGSR)
 []


Package natbib Warning: Citation `Dalrymple2020JNE' on page 13 undefined on inp
ut line 29.


Package natbib Warning: Citation `Chikar2012Biomaterials' on page 13 undefined 
on input line 29.


Package natbib Warning: Citation `Tan2024Biomolecules' on page 13 undefined on 
input line 29.


Package natbib Warning: Citation `Horne2023ActaBiomaterialia' on page 13 undefi
ned on input line 29.


Package natbib Warning: Citation `Chikar2012Biomaterials' on page 13 undefined 
on input line 32.


Package natbib Warning: Citation `Johansen2018PLoSOne' on page 13 undefined on 
input line 32.


Package natbib Warning: Citation `StPeter2022FrontBioeng' on page 13 undefined 
on input line 32.


Package natbib Warning: Citation `Truong2021HearRes' on page 13 undefined on in
put line 32.


Package natbib Warning: Citation `Vecchi2024JNE' on page 13 undefined on input 
line 32.

[13]

Package natbib Warning: Citation `Xia2023StemCellReports' on page 14 undefined 
on input line 37.


Package natbib Warning: Citation `Moss2024iScience' on page 14 undefined on inp
ut line 37.


Package natbib Warning: Citation `Hergenreder2024NatBiotech' on page 14 undefin
ed on input line 38.


Package natbib Warning: Citation `Truong2021HearRes' on page 14 undefined on in
put line 39.


Package natbib Warning: Citation `Vecchi2024JNE' on page 14 undefined on input 
line 39.


Package natbib Warning: Citation `Horne2023ActaBiomaterialia' on page 14 undefi
ned on input line 41.


Package natbib Warning: Citation `Fibranz2025JFB' on page 14 undefined on input
 line 41.

) (./sections/05_regen_evidence.tex

Package natbib Warning: Citation `CarnicerLombarte2024AdvMat' on page 14 undefi
ned on input line 4.

[14]

Package natbib Warning: Citation `Shepherd2020' on page 15 undefined on input l
ine 7.


Package natbib Warning: Citation `Dalrymple2020_ptir' on page 15 undefined on i
nput line 7.


Package natbib Warning: Citation `Venkatraman2011-ql' on page 15 undefined on i
nput line 10.


Package natbib Warning: Citation `li2025pedot' on page 15 undefined on input li
ne 10.


Package natbib Warning: Citation `Kleber2017' on page 15 undefined on input lin
e 10.


Package natbib Warning: Citation `Chhin2018' on page 15 undefined on input line
 10.


Package natbib Warning: Citation `Richardson2007' on page 15 undefined on input
 line 10.


Package natbib Warning: Citation `Richardson2009' on page 15 undefined on input
 line 10.


Package natbib Warning: Citation `Evans2009-cm' on page 15 undefined on input l
ine 10.


Package natbib Warning: Citation `li2025pedot' on page 15 undefined on input li
ne 10.


Package natbib Warning: Citation `Green2012' on page 15 undefined on input line
 13.


Package natbib Warning: Citation `Hassarati2014' on page 15 undefined on input 
line 13.


Package natbib Warning: Citation `Dalrymple2020' on page 15 undefined on input 
line 13.


Package natbib Warning: Citation `Hyakumura2021' on page 15 undefined on input 
line 13.


Package natbib Warning: Citation `Kleber2017' on page 15 undefined on input lin
e 13.


Package natbib Warning: Citation `Chhin2018' on page 15 undefined on input line
 13.


Package natbib Warning: Citation `Green2012' on page 15 undefined on input line
 13.


Package natbib Warning: Citation `Hassarati2014' on page 15 undefined on input 
line 13.

[15]

Package natbib Warning: Citation `Boia2019' on page 16 undefined on input line 
16.


Package natbib Warning: Citation `Zhou2018' on page 16 undefined on input line 
16.


Package natbib Warning: Citation `Horne2023' on page 16 undefined on input line
 19.


Package natbib Warning: Citation `Kiefer2008Dexameth' on page 16 undefined on i
nput line 19.


Package natbib Warning: Citation `Briggs2020' on page 16 undefined on input lin
e 19.


Package natbib Warning: Citation `xu2018' on page 16 undefined on input line 19
.


Package natbib Warning: Citation `Rahman2024' on page 16 undefined on input lin
e 19.


Package natbib Warning: Citation `Toulemonde2021' on page 16 undefined on input
 line 19.


Package natbib Warning: Citation `Evans2009-cm' on page 16 undefined on input l
ine 22.


Package natbib Warning: Citation `Chikar2012' on page 16 undefined on input lin
e 22.


Package natbib Warning: Citation `Leake2013' on page 16 undefined on input line
 22.


Package natbib Warning: Citation `Scheper2019' on page 16 undefined on input li
ne 22.

[16]

Package natbib Warning: Citation `Nella2022NeurotrophinGradients' on page 17 un
defined on input line 25.


Package natbib Warning: Citation `Zhang2023CFD' on page 17 undefined on input l
ine 25.


Package natbib Warning: Citation `USFDA2021InSilico' on page 17 undefined on in
put line 25.


Package natbib Warning: Citation `Borenstein2011' on page 17 undefined on input
 line 25.


Package natbib Warning: Citation `Lenarz2020FirstHuman' on page 17 undefined on
 input line 25.


Package natbib Warning: Citation `Shepherd2020' on page 17 undefined on input l
ine 28.


Package natbib Warning: Citation `Dalrymple2020_ptir' on page 17 undefined on i
nput line 28.


Package natbib Warning: Citation `Venkatraman2011-ql' on page 17 undefined on i
nput line 29.


Package natbib Warning: Citation `li2025pedot' on page 17 undefined on input li
ne 29.


Package natbib Warning: Citation `Chhin2018' on page 17 undefined on input line
 29.


Package natbib Warning: Citation `Green2012' on page 17 undefined on input line
 30.


Package natbib Warning: Citation `Hassarati2014' on page 17 undefined on input 
line 30.


Package natbib Warning: Citation `Dalrymple2020' on page 17 undefined on input 
line 30.


Package natbib Warning: Citation `Horne2023' on page 17 undefined on input line
 31.


Package natbib Warning: Citation `Kiefer2008Dexameth' on page 17 undefined on i
nput line 31.


Package natbib Warning: Citation `Briggs2020' on page 17 undefined on input lin
e 31.


Package natbib Warning: Citation `Evans2009-cm' on page 17 undefined on input l
ine 32.


Package natbib Warning: Citation `Leake2013' on page 17 undefined on input line
 32.


Package natbib Warning: Citation `Nella2022NeurotrophinGradients' on page 17 un
defined on input line 32.


Package natbib Warning: Citation `CarnicerLombarte2024AdvMat' on page 17 undefi
ned on input line 33.


Package natbib Warning: Citation `Hergenreder2024NatBiotech' on page 17 undefin
ed on input line 33.

) (./sections/06_interfaces_materials.tex [17]

Package natbib Warning: Citation `Wang2013' on page 18 undefined on input line 
7.


Package natbib Warning: Citation `Chen2014' on page 18 undefined on input line 
7.


Package natbib Warning: Citation `Lee2019' on page 18 undefined on input line 7
.


Package natbib Warning: Citation `Evans2007LamininFibronectin' on page 18 undef
ined on input line 7.


Package natbib Warning: Citation `Vega1995LamininCollagenIV' on page 18 undefin
ed on input line 7.


Package natbib Warning: Citation `Venkatraman2011-ql' on page 18 undefined on i
nput line 10.


Package natbib Warning: Citation `Goding2017' on page 18 undefined on input lin
e 10.


Package natbib Warning: Citation `Dalrymple2020' on page 18 undefined on input 
line 10.


Package natbib Warning: Citation `ABIDIAN20081273' on page 18 undefined on inpu
t line 10.


Package natbib Warning: Citation `Chikar2012' on page 18 undefined on input lin
e 10.


LaTeX Warning: Reference `sec:materials_stack' on page 18 undefined on input li
ne 10.


Package natbib Warning: Citation `Venkatraman2011-ql' on page 18 undefined on i
nput line 10.


Package natbib Warning: Citation `Dalrymple2020' on page 18 undefined on input 
line 10.


Package natbib Warning: Citation `Schendzielorz2017' on page 18 undefined on in
put line 13.


Package natbib Warning: Citation `Horne2023' on page 18 undefined on input line
 13.


Package natbib Warning: Citation `Chen2023-ba' on page 18 undefined on input li
ne 13.


Package natbib Warning: Citation `Cozma2021-jb' on page 18 undefined on input l
ine 13.

[18]

Package natbib Warning: Citation `Chen2023-ba' on page 19 undefined on input li
ne 16.


Package natbib Warning: Citation `Horne2023' on page 19 undefined on input line
 16.


Package natbib Warning: Citation `Cozma2021-jb' on page 19 undefined on input l
ine 16.


Package natbib Warning: Citation `Venkatraman2011-ql' on page 19 undefined on i
nput line 20.


Package natbib Warning: Citation `Goding2017' on page 19 undefined on input lin
e 20.


Package natbib Warning: Citation `Dalrymple2020' on page 19 undefined on input 
line 20.


Package natbib Warning: Citation `Wang2013' on page 19 undefined on input line 
21.


Package natbib Warning: Citation `Chen2014' on page 19 undefined on input line 
21.


Package natbib Warning: Citation `Lee2019' on page 19 undefined on input line 2
1.

[19]

Package natbib Warning: Citation `Horne2023' on page 20 undefined on input line
 22.


Package natbib Warning: Citation `Chen2023-ba' on page 20 undefined on input li
ne 22.


Package natbib Warning: Citation `Cozma2021-jb' on page 20 undefined on input l
ine 22.


Package natbib Warning: Citation `Schendzielorz2017' on page 20 undefined on in
put line 22.


Overfull \hbox (3.73936pt too wide) in paragraph at lines 22--23
[]\OT1/cmr/bx/n/12 (-20) Cap with anti[]fouling chem-istry: \OT1/cmr/m/n/12 (-2
0) use zwit-te-ri-onic or PDA[]primed, zwitterion[]grafted
 []


Package natbib Warning: Citation `Chikar2012' on page 20 undefined on input lin
e 23.


Package natbib Warning: Citation `Goding2017' on page 20 undefined on input lin
e 23.

) (./sections/07_SAW.tex

Package natbib Warning: Citation `Ding2013' on page 20 undefined on input line 
4.


Package natbib Warning: Citation `rufo2022' on page 20 undefined on input line 
4.


Package natbib Warning: Citation `Agostini2021_UHFSAW' on page 20 undefined on 
input line 4.


Package natbib Warning: Citation `Mandal2022' on page 20 undefined on input lin
e 4.


Package natbib Warning: Citation `Ding2013' on page 20 undefined on input line 
6.


Package natbib Warning: Citation `Campbell1998' on page 20 undefined on input l
ine 6.


Package natbib Warning: Citation `Agostini2021_UHFSAW' on page 20 undefined on 
input line 6.


Package natbib Warning: Citation `Ahmed2016_LabChip' on page 20 undefined on in
put line 10.


Package natbib Warning: Citation `Ding2013' on page 20 undefined on input line 
10.

[20]

Package natbib Warning: Citation `Li2007' on page 21 undefined on input line 11
.


Package natbib Warning: Citation `rufo2022' on page 21 undefined on input line 
11.


Package natbib Warning: Citation `Agostini2021_UHFSAW' on page 21 undefined on 
input line 12.


Package natbib Warning: Citation `Mandal2022' on page 21 undefined on input lin
e 12.


LaTeX Warning: Reference `sec:cps' on page 21 undefined on input line 15.


Package natbib Warning: Citation `Note1' on page 21 undefined on input line 15.



Package natbib Warning: Citation `Ding2013' on page 21 undefined on input line 
15.


Package natbib Warning: Citation `Ahmed2016_LabChip' on page 21 undefined on in
put line 15.


Package natbib Warning: Citation `Campbell1998' on page 21 undefined on input l
ine 19.


Package natbib Warning: Citation `Ding2013' on page 21 undefined on input line 
20.


Overfull \hbox (5.23145pt too wide) in paragraph at lines 20--21
[]\OT1/cmr/m/it/12 (-20) Thermal/power bud-gets. \OT1/cmr/m/n/12 (-20) Acous-ti
c ac-tu-a-tion should re-main within the tight wireless[]power
 []


Package natbib Warning: Citation `Mandal2022' on page 21 undefined on input lin
e 21.


Package natbib Warning: Citation `Agostini2021_UHFSAW' on page 21 undefined on 
input line 22.

[21]

Package natbib Warning: Citation `rufo2022' on page 22 undefined on input line 
25.


Package natbib Warning: Citation `Agostini2021_UHFSAW' on page 22 undefined on 
input line 25.

) (./sections/08_translation_benchmarks.tex

Package natbib Warning: Citation `raskandersen2006' on page 22 undefined on inp
ut line 7.


Package natbib Warning: Citation `sando1971' on page 22 undefined on input line
 7.


Package natbib Warning: Citation `masuda1971' on page 22 undefined on input lin
e 7.


Package natbib Warning: Citation `lim1970' on page 22 undefined on input line 7
.

[22]

Package natbib Warning: Citation `Micco2006' on page 23 undefined on input line
 9.


Package natbib Warning: Citation `nella2023' on page 23 undefined on input line
 9.


Package natbib Warning: Citation `Kempfle2021' on page 23 undefined on input li
ne 11.


Package natbib Warning: Citation `StPeter2022' on page 23 undefined on input li
ne 11.


Package natbib Warning: Citation `Chang2020' on page 23 undefined on input line
 11.


Package natbib Warning: Citation `Scheper2019' on page 23 undefined on input li
ne 11.


Package natbib Warning: Citation `tan2012' on page 23 undefined on input line 1
1.


Package natbib Warning: Citation `CarnicerLombarte2024AdvMat' on page 23 undefi
ned on input line 11.


Package natbib Warning: Citation `wilson2008' on page 23 undefined on input lin
e 13.


Package natbib Warning: Citation `wilson2014' on page 23 undefined on input lin
e 13.


Package natbib Warning: Citation `Micco2006' on page 23 undefined on input line
 13.


Package natbib Warning: Citation `Rebscher2008' on page 23 undefined on input l
ine 13.


Package natbib Warning: Citation `Rebscher2008' on page 23 undefined on input l
ine 15.


Package natbib Warning: Citation `Sheykholeslami2002' on page 23 undefined on i
nput line 15.


Package natbib Warning: Citation `Dalrymple2020' on page 23 undefined on input 
line 17.


Package natbib Warning: Citation `Horne2023' on page 23 undefined on input line
 17.


Package natbib Warning: Citation `USFDA2021InSilico' on page 23 undefined on in
put line 17.

[23]

Package natbib Warning: Citation `Rebscher2008' on page 24 undefined on input l
ine 21.


Package natbib Warning: Citation `Sheykholeslami2002' on page 24 undefined on i
nput line 21.


Package natbib Warning: Citation `Kempfle2021' on page 24 undefined on input li
ne 23.


Package natbib Warning: Citation `StPeter2022' on page 24 undefined on input li
ne 23.


Package natbib Warning: Citation `Scheper2019' on page 24 undefined on input li
ne 23.


Package natbib Warning: Citation `Dalrymple2020' on page 24 undefined on input 
line 25.


Package natbib Warning: Citation `Horne2023' on page 24 undefined on input line
 25.


Package natbib Warning: Citation `ISO14708' on page 24 undefined on input line 
25.


Package natbib Warning: Citation `USFDA2021InSilico' on page 24 undefined on in
put line 25.

[24]

Package natbib Warning: Citation `wilson2008' on page 25 undefined on input lin
e 27.


Package natbib Warning: Citation `wilson2014' on page 25 undefined on input lin
e 27.


Underfull \hbox (badness 10000) in paragraph at lines 39--39
[]|\OT1/cmr/bx/n/10.95 (+20) Preferred method /
 []


Underfull \hbox (badness 1137) in paragraph at lines 41--41
[]|\OT1/cmr/m/n/10.95 (+20) CPS pa-tency &
 []


Underfull \hbox (badness 4713) in paragraph at lines 41--41
\OT1/cmr/m/n/10.95 (+20) ac-cess in adult
 []


Underfull \hbox (badness 2142) in paragraph at lines 42--42
[]|\OT1/cmr/m/n/10.95 (+20) Presence, open-ing den-
 []


Overfull \hbox (0.57698pt too wide) in paragraph at lines 42--42
\OT1/cmr/m/n/10.95 (-20) per-forantes of Schuknecht--
 []


Underfull \hbox (badness 10000) in paragraph at lines 42--42
\OT1/cmr/m/n/10.95 (+20) modiolus con-nec-tiv-ity
 []


Package natbib Warning: Citation `raskandersen2006' on page 25 undefined on inp
ut line 45.


Package natbib Warning: Citation `sando1971' on page 25 undefined on input line
 45.


Package natbib Warning: Citation `masuda1971' on page 25 undefined on input lin
e 45.


Package natbib Warning: Citation `lim1970' on page 25 undefined on input line 4
5.


Underfull \hbox (badness 2809) in paragraph at lines 47--47
\OT1/cmr/m/n/10.95 (+20) at me-dial scala
 []


Underfull \hbox (badness 5331) in paragraph at lines 48--48
\OT1/cmr/m/n/10.95 (+20) con-cen-tra-tion fields at
 []


Underfull \hbox (badness 10000) in paragraph at lines 49--49
[]|\OT1/cmr/m/n/10.95 (+20) Finite-element trans-port
 []


Overfull \hbox (31.37173pt too wide) in paragraph at lines 50--50
[]|\OT1/cmr/m/n/10.95 (-20) [CPS/General]| 
 []


Package natbib Warning: Citation `Micco2006' on page 25 undefined on input line
 51.


Package natbib Warning: Citation `nella2023' on page 25 undefined on input line
 51.


Underfull \hbox (badness 10000) in paragraph at lines 54--54
[]|\OT1/cmr/m/n/10.95 (+20) Neurite tra-jec-tory fi-
 []


Underfull \hbox (badness 10000) in paragraph at lines 54--54
\OT1/cmr/m/n/10.95 (+20) delity and growth
 []


Underfull \hbox (badness 4328) in paragraph at lines 54--54
\OT1/cmr/m/n/10.95 (+20) frac-tion to-ward canali-
 []


Underfull \hbox (badness 10000) in paragraph at lines 54--54
\OT1/cmr/m/n/10.95 (+20) culi per-forantes of
 []


Underfull \hbox (badness 10000) in paragraph at lines 55--55
[]|\OT1/cmr/m/n/10.95 (+20) Cochlea-mimetic as-
 []


Underfull \hbox (badness 10000) in paragraph at lines 55--55
\OT1/cmr/m/n/10.95 (+20) says with chem-i-cal
 []


Underfull \hbox (badness 10000) in paragraph at lines 55--55
\OT1/cmr/m/n/10.95 (+20) (trophic/gene/vesicle),
 []


Underfull \hbox (badness 10000) in paragraph at lines 55--55
\OT1/cmr/m/n/10.95 (+20) me-chan-i-cal (stiff-
 []


Underfull \hbox (badness 10000) in paragraph at lines 55--55
\OT1/cmr/m/n/10.95 (+20) ness/topography), and
 []


Package natbib Warning: Citation `Kempfle2021' on page 25 undefined on input li
ne 57.


Package natbib Warning: Citation `StPeter2022' on page 25 undefined on input li
ne 57.


Package natbib Warning: Citation `Chang2020' on page 25 undefined on input line
 57.


Package natbib Warning: Citation `Scheper2019' on page 25 undefined on input li
ne 57.


Package natbib Warning: Citation `tan2012' on page 25 undefined on input line 5
7.


Package natbib Warning: Citation `CarnicerLombarte2024AdvMat' on page 25 undefi
ned on input line 57.


Underfull \hbox (badness 10000) in paragraph at lines 59--59
[]|\OT1/cmr/m/n/10.95 (+20) Interface-level
 []


Underfull \hbox (badness 10000) in paragraph at lines 59--59
\OT1/cmr/m/n/10.95 (+20) func-tional
 []


Underfull \hbox (badness 10000) in paragraph at lines 60--60
[]|\OT1/cmr/m/n/10.95 (+20) Lower ECAP/eABR
 []


Underfull \hbox (badness 10000) in paragraph at lines 60--60
\OT1/cmr/m/n/10.95 (+20) thresh-olds; nar-rower
 []


Underfull \hbox (badness 10000) in paragraph at lines 60--60
\OT1/cmr/m/n/10.95 (+20) spread of ex-ci-ta-tion
 []


Underfull \hbox (badness 10000) in paragraph at lines 61--61
[]|\OT1/cmr/m/n/10.95 (+20) In vivo map-ping
 []


Underfull \hbox (badness 6559) in paragraph at lines 61--61
\OT1/cmr/m/n/10.95 (+20) (ECAP/eABR, SOE) in
 []


Package natbib Warning: Citation `wilson2008' on page 25 undefined on input lin
e 63.


Package natbib Warning: Citation `wilson2014' on page 25 undefined on input lin
e 63.


Package natbib Warning: Citation `Micco2006' on page 25 undefined on input line
 63.


Package natbib Warning: Citation `Rebscher2008' on page 25 undefined on input l
ine 63.


Underfull \hbox (badness 10000) in paragraph at lines 66--66
[]|\OT1/cmr/m/n/10.95 (+20) Insertion forces; ab-
 []


Underfull \hbox (badness 10000) in paragraph at lines 66--66
\OT1/cmr/m/n/10.95 (+20) sence of tip fold-
 []


Underfull \hbox (badness 10000) in paragraph at lines 66--66
\OT1/cmr/m/n/10.95 (+20) over/translocation;
 []


Underfull \hbox (badness 10000) in paragraph at lines 66--66
\OT1/cmr/m/n/10.95 (+20) work-flow com-pat-i-bil-ity
 []


Underfull \hbox (badness 3209) in paragraph at lines 67--67
[]|\OT1/cmr/m/n/10.95 (+20) Temporal bone in-ser-tion
 []


Overfull \hbox (31.37173pt too wide) in paragraph at lines 68--68
[]|\OT1/cmr/m/n/10.95 (-20) [CPS/General]| 
 []


Package natbib Warning: Citation `Rebscher2008' on page 25 undefined on input l
ine 69.


Package natbib Warning: Citation `Sheykholeslami2002' on page 25 undefined on i
nput line 69.


Underfull \hbox (badness 2221) in paragraph at lines 72--72
[]|\OT1/cmr/m/n/10.95 (+20) Impedance drift; fi-bro-
 []


Underfull \hbox (badness 10000) in paragraph at lines 72--72
\OT1/cmr/m/n/10.95 (+20) sis/biofouling; coat-ing
 []


Underfull \hbox (badness 10000) in paragraph at lines 73--73
[]|\OT1/cmr/m/n/10.95 (+20) Long-duration large-
 []


Underfull \hbox (badness 10000) in paragraph at lines 73--73
\OT1/cmr/m/n/10.95 (+20) animal im-plants with
 []


Underfull \hbox (badness 10000) in paragraph at lines 73--73
\OT1/cmr/m/n/10.95 (+20) clinical-like stim-u-la-tion;
 []


Overfull \hbox (31.37173pt too wide) in paragraph at lines 74--74
[]|\OT1/cmr/m/n/10.95 (-20) [CPS/General]| 
 []


Package natbib Warning: Citation `Dalrymple2020' on page 25 undefined on input 
line 75.


Package natbib Warning: Citation `Horne2023' on page 25 undefined on input line
 75.


Underfull \hbox (badness 10000) in paragraph at lines 77--77
[]|\OT1/cmr/m/n/10.95 (-17) Manufacturability
 []


Underfull \hbox (badness 10000) in paragraph at lines 77--77
\OT1/cmr/m/n/10.95 (+20) & ster-il-iza-tion
 []


Underfull \hbox (badness 10000) in paragraph at lines 78--78
[]|\OT1/cmr/m/n/10.95 (+20) Batch re-pro-ducibil-ity
 []


Underfull \hbox (badness 10000) in paragraph at lines 78--78
\OT1/cmr/m/n/10.95 (+20) me-chan-ics); ster-il-iza-
 []


Underfull \hbox (badness 3168) in paragraph at lines 79--79
\OT1/cmr/m/n/10.95 (+20) stan-dard CI ster-il-iza-tion
 []


Underfull \hbox (badness 10000) in paragraph at lines 79--79
\OT1/cmr/m/n/10.95 (+20) val-i-da-tion; me-chan-i-
 []


Underfull \hbox (badness 10000) in paragraph at lines 79--79
\OT1/cmr/m/n/10.95 (+20) cal/chemical ac-cep-tance
 []


Overfull \hbox (4.99135pt too wide) in paragraph at lines 80--80
[]|\OT1/cmr/m/n/10.95 (-20) [General]| 
 []


Underfull \hbox (badness 1033) in paragraph at lines 84--84
[]|\OT1/cmr/m/n/10.95 (+20) Documented V&V&UQ;
 []


Underfull \hbox (badness 3646) in paragraph at lines 84--84
\OT1/cmr/m/n/10.95 (+20) trace-abil-ity of as-sump-
 []


Underfull \hbox (badness 10000) in paragraph at lines 85--85
[]|\OT1/cmr/m/n/10.95 (+20) Good-modeling-practice
 []


Underfull \hbox (badness 10000) in paragraph at lines 85--85
\OT1/cmr/m/n/10.95 (+20) doc-u-men-ta-tion; cross-
 []


Overfull \hbox (4.99135pt too wide) in paragraph at lines 86--86
[]|\OT1/cmr/m/n/10.95 (-20) [General]| 
 []


Package natbib Warning: Citation `USFDA2021InSilico' on page 25 undefined on in
put line 87.


Overfull \hbox (10.63086pt too wide) in paragraph at lines 37--90
 []$[]$ 
 []


LaTeX Warning: Float too large for page by 376.94073pt on input line 90.


Underfull \hbox (badness 10000) in paragraph at lines 101--101
[]|\OT1/cmr/bx/n/10.95 (+20) Preferred method /
 []


Underfull \hbox (badness 10000) in paragraph at lines 104--104
[]|\OT1/cmr/m/n/10.95 (+20) Presence, open-ing
 []


Underfull \hbox (badness 10000) in paragraph at lines 104--104
\OT1/cmr/m/n/10.95 (+20) culi per-forantes of
 []


Underfull \hbox (badness 10000) in paragraph at lines 104--104
\OT1/cmr/m/n/10.95 (+20) Schuknecht--modiolus
 []


Package natbib Warning: Citation `raskandersen2006' on page 25 undefined on inp
ut line 107.


Package natbib Warning: Citation `sando1971' on page 25 undefined on input line
 107.


Package natbib Warning: Citation `masuda1971' on page 25 undefined on input lin
e 107.


Package natbib Warning: Citation `lim1970' on page 25 undefined on input line 1
07.


Underfull \hbox (badness 1527) in paragraph at lines 110--110
\OT1/cmr/m/n/10.95 (+20) con-cen-tra-tion fields at
 []


Overfull \hbox (31.37173pt too wide) in paragraph at lines 112--112
[]|\OT1/cmr/m/n/10.95 (-20) [CPS/General]| 
 []


Package natbib Warning: Citation `Micco2006' on page 25 undefined on input line
 113.


Package natbib Warning: Citation `nella2023' on page 25 undefined on input line
 113.


Underfull \hbox (badness 1052) in paragraph at lines 115--115
[]|\OT1/cmr/m/n/10.95 (+20) Guidance ef-fi-cacy
 []


Underfull \hbox (badness 10000) in paragraph at lines 116--116
[]|\OT1/cmr/m/n/10.95 (+20) Neurite tra-jec-tory
 []


Underfull \hbox (badness 10000) in paragraph at lines 116--116
\OT1/cmr/m/n/10.95 (+20) fi-delity and growth
 []


Underfull \hbox (badness 1107) in paragraph at lines 116--116
\OT1/cmr/m/n/10.95 (+20) frac-tion to-ward canali-
 []


Underfull \hbox (badness 10000) in paragraph at lines 116--116
\OT1/cmr/m/n/10.95 (+20) culi per-forantes of
 []


Underfull \hbox (badness 10000) in paragraph at lines 116--116
\OT1/cmr/m/n/10.95 (+20) Schuknecht-aligned
 []


Underfull \hbox (badness 10000) in paragraph at lines 117--117
[]|\OT1/cmr/m/n/10.95 (+20) Cochlea-mimetic as-
 []


Underfull \hbox (badness 10000) in paragraph at lines 117--117
\OT1/cmr/m/n/10.95 (+20) says with chem-i-cal
 []


Underfull \hbox (badness 10000) in paragraph at lines 117--117
\OT1/cmr/m/n/10.95 (+20) (trophic/gene/vesicle),
 []


Underfull \hbox (badness 10000) in paragraph at lines 117--117
\OT1/cmr/m/n/10.95 (+20) me-chan-i-cal (stiff-
 []


Underfull \hbox (badness 10000) in paragraph at lines 117--117
\OT1/cmr/m/n/10.95 (+20) ness/topography), and
 []


Package natbib Warning: Citation `Kempfle2021' on page 25 undefined on input li
ne 119.


Package natbib Warning: Citation `StPeter2022' on page 25 undefined on input li
ne 119.


Package natbib Warning: Citation `Chang2020' on page 25 undefined on input line
 119.


Package natbib Warning: Citation `Scheper2019' on page 25 undefined on input li
ne 119.


Package natbib Warning: Citation `tan2012' on page 25 undefined on input line 1
19.


Package natbib Warning: Citation `CarnicerLombarte2024AdvMat' on page 25 undefi
ned on input line 119.


Underfull \hbox (badness 10000) in paragraph at lines 121--121
[]|\OT1/cmr/m/n/10.95 (+20) Interface-level
 []


Underfull \hbox (badness 10000) in paragraph at lines 122--122
[]|\OT1/cmr/m/n/10.95 (+20) Lower ECAP/eABR
 []


Underfull \hbox (badness 10000) in paragraph at lines 122--122
\OT1/cmr/m/n/10.95 (+20) thresh-olds; nar-rower
 []


Underfull \hbox (badness 10000) in paragraph at lines 122--122
\OT1/cmr/m/n/10.95 (+20) spread of ex-ci-ta-tion
 []


Underfull \hbox (badness 10000) in paragraph at lines 123--123
[]|\OT1/cmr/m/n/10.95 (+20) In vivo map-ping
 []


Underfull \hbox (badness 6559) in paragraph at lines 123--123
\OT1/cmr/m/n/10.95 (+20) (ECAP/eABR, SOE) in
 []


Package natbib Warning: Citation `wilson2008' on page 25 undefined on input lin
e 125.


Package natbib Warning: Citation `wilson2014' on page 25 undefined on input lin
e 125.


Package natbib Warning: Citation `Micco2006' on page 25 undefined on input line
 125.


Package natbib Warning: Citation `Rebscher2008' on page 25 undefined on input l
ine 125.


Underfull \hbox (badness 10000) in paragraph at lines 128--128
[]|\OT1/cmr/m/n/10.95 (+20) Insertion forces; ab-
 []


Underfull \hbox (badness 10000) in paragraph at lines 128--128
\OT1/cmr/m/n/10.95 (+20) sence of tip fold-
 []


Underfull \hbox (badness 10000) in paragraph at lines 128--128
\OT1/cmr/m/n/10.95 (+20) over/translocation;
 []


Underfull \hbox (badness 4391) in paragraph at lines 128--128
\OT1/cmr/m/n/10.95 (+20) work-flow com-pat-i-bil-ity
 []


Underfull \hbox (badness 3209) in paragraph at lines 129--129
[]|\OT1/cmr/m/n/10.95 (+20) Temporal bone in-ser-tion
 []


Overfull \hbox (31.37173pt too wide) in paragraph at lines 130--130
[]|\OT1/cmr/m/n/10.95 (-20) [CPS/General]| 
 []


Package natbib Warning: Citation `Rebscher2008' on page 25 undefined on input l
ine 131.


Package natbib Warning: Citation `Sheykholeslami2002' on page 25 undefined on i
nput line 131.


Underfull \hbox (badness 6641) in paragraph at lines 133--133
[]|\OT1/cmr/m/n/10.95 (+20) Chronic sta-bil-ity
 []


Underfull \hbox (badness 3907) in paragraph at lines 134--134
\OT1/cmr/m/n/10.95 (+20) sis/biofouling; coat-ing
 []


Underfull \hbox (badness 10000) in paragraph at lines 135--135
[]|\OT1/cmr/m/n/10.95 (+20) Long-duration large-
 []


Underfull \hbox (badness 10000) in paragraph at lines 135--135
\OT1/cmr/m/n/10.95 (+20) animal im-plants with
 []


Underfull \hbox (badness 10000) in paragraph at lines 135--135
\OT1/cmr/m/n/10.95 (+20) clinical-like stim-u-la-tion;
 []


Underfull \hbox (badness 3884) in paragraph at lines 135--135
\OT1/cmr/m/n/10.95 (+20) impedance/SOE track-ing;
 []


Overfull \hbox (31.37173pt too wide) in paragraph at lines 136--136
[]|\OT1/cmr/m/n/10.95 (-20) [CPS/General]| 
 []


Package natbib Warning: Citation `Dalrymple2020' on page 25 undefined on input 
line 137.


Package natbib Warning: Citation `Horne2023' on page 25 undefined on input line
 137.


Underfull \hbox (badness 10000) in paragraph at lines 139--139
[]|\OT1/cmr/m/n/10.95 (+20) Manufacturability
 []


Underfull \hbox (badness 10000) in paragraph at lines 139--139
\OT1/cmr/m/n/10.95 (+20) & ster-il-iza-tion
 []


Underfull \hbox (badness 10000) in paragraph at lines 140--140
[]|\OT1/cmr/m/n/10.95 (+20) Batch re-pro-ducibil-ity
 []


Underfull \hbox (badness 10000) in paragraph at lines 140--140
\OT1/cmr/m/n/10.95 (+20) me-chan-ics); ster-il-iza-
 []


Overfull \hbox (4.99135pt too wide) in paragraph at lines 142--142
[]|\OT1/cmr/m/n/10.95 (-20) [General]| 
 []


Underfull \hbox (badness 3954) in paragraph at lines 145--145
[]|\OT1/cmr/m/n/10.95 (+20) Model cred-i-bil-ity
 []


Underfull \hbox (badness 10000) in paragraph at lines 147--147
[]|\OT1/cmr/m/n/10.95 (+20) Good-modeling-practice
 []


Underfull \hbox (badness 10000) in paragraph at lines 147--147
\OT1/cmr/m/n/10.95 (+20) doc-u-men-ta-tion; cross-
 []


Overfull \hbox (4.99135pt too wide) in paragraph at lines 148--148
[]|\OT1/cmr/m/n/10.95 (-20) [General]| 
 []


Package natbib Warning: Citation `USFDA2021InSilico' on page 25 undefined on in
put line 149.


Overfull \hbox (10.638pt too wide) in paragraph at lines 99--152
 []$[]$ 
 []


LaTeX Warning: Float too large for page by 376.94073pt on input line 152.

) (./sections/09_roadmap_open_questions.tex

Package natbib Warning: Citation `raskandersen2006' on page 25 undefined on inp
ut line 5.


Package natbib Warning: Citation `sando1971' on page 25 undefined on input line
 5.


Package natbib Warning: Citation `masuda1971' on page 25 undefined on input lin
e 5.


Package natbib Warning: Citation `lim1970' on page 25 undefined on input line 5
.


Package natbib Warning: Citation `Micco2006' on page 25 undefined on input line
 5.


Package natbib Warning: Citation `nella2023' on page 25 undefined on input line
 5.


Package natbib Warning: Citation `Kempfle2021' on page 25 undefined on input li
ne 7.


Package natbib Warning: Citation `StPeter2022' on page 25 undefined on input li
ne 7.


Package natbib Warning: Citation `Chang2020' on page 25 undefined on input line
 7.


Package natbib Warning: Citation `Scheper2019' on page 25 undefined on input li
ne 7.


Package natbib Warning: Citation `tan2012' on page 25 undefined on input line 7
.


Package natbib Warning: Citation `CarnicerLombarte2024AdvMat' on page 25 undefi
ned on input line 7.


Package natbib Warning: Citation `Dalrymple2020' on page 25 undefined on input 
line 7.


Package natbib Warning: Citation `Horne2023' on page 25 undefined on input line
 7.


Package natbib Warning: Citation `Rebscher2008' on page 25 undefined on input l
ine 7.


Package natbib Warning: Citation `Sheykholeslami2002' on page 25 undefined on i
nput line 7.

[25]

LaTeX Warning: A float is stuck (cannot be placed) on input line 8.

[26]

LaTeX Warning: A float is stuck (cannot be placed) on input line 8.

[27]

Package natbib Warning: Citation `wilson2008' on page 28 undefined on input lin
e 9.


Package natbib Warning: Citation `wilson2014' on page 28 undefined on input lin
e 9.


Package natbib Warning: Citation `Dalrymple2020' on page 28 undefined on input 
line 13.


Package natbib Warning: Citation `Horne2023' on page 28 undefined on input line
 13.


Package natbib Warning: Citation `Rebscher2008' on page 28 undefined on input l
ine 13.


Package natbib Warning: Citation `ISO14708' on page 28 undefined on input line 
15.


Package natbib Warning: Citation `USFDA2021InSilico' on page 28 undefined on in
put line 15.


Package natbib Warning: Citation `wilson2008' on page 28 undefined on input lin
e 19.


Package natbib Warning: Citation `wilson2014' on page 28 undefined on input lin
e 19.

[28]

Package natbib Warning: Citation `raskandersen2006' on page 29 undefined on inp
ut line 23.


Package natbib Warning: Citation `sando1971' on page 29 undefined on input line
 23.


Package natbib Warning: Citation `masuda1971' on page 29 undefined on input lin
e 23.


Package natbib Warning: Citation `Kempfle2021' on page 29 undefined on input li
ne 25.


Package natbib Warning: Citation `StPeter2022' on page 29 undefined on input li
ne 25.


Package natbib Warning: Citation `CarnicerLombarte2024AdvMat' on page 29 undefi
ned on input line 25.


Package natbib Warning: Citation `Micco2006' on page 29 undefined on input line
 27.


Package natbib Warning: Citation `wilson2014' on page 29 undefined on input lin
e 27.


Package natbib Warning: Citation `Dalrymple2020' on page 29 undefined on input 
line 29.


Package natbib Warning: Citation `Horne2023' on page 29 undefined on input line
 29.


Package natbib Warning: Citation `ISO14708' on page 29 undefined on input line 
31.


Package natbib Warning: Citation `USFDA2021InSilico' on page 29 undefined on in
put line 31.


Package natbib Warning: Citation `Vecchi2024' on page 29 undefined on input lin
e 33.

)
No file main_clean.bbl.

Package natbib Warning: There were undefined citations.

[29] (./main_clean.aux)
 ***********
LaTeX2e <2023-11-01> patch level 1
L3 programming layer <2024-01-22>
 ***********


LaTeX Warning: There were undefined references.


LaTeX Warning: Label(s) may have changed. Rerun to get cross-references right.


Package rerunfilecheck Warning: File `main_clean.out' has changed.
(rerunfilecheck)                Rerun to get outlines right
(rerunfilecheck)                or use package `bookmark'.

Package rerunfilecheck Info: Checksums for `main_clean.out':
(rerunfilecheck)             Before: <no file>
(rerunfilecheck)             After:  1C99AEAF5C28EAEA8C4EFDEF126F9084;13532.
 ) 
Here is how much of TeX's memory you used:
 18207 strings out of 476106
 336030 string characters out of 5793933
 1957975 words of memory out of 5000000
 39627 multiletter control sequences out of 15000+600000
 577251 words of font info for 219 fonts, out of 8000000 for 9000
 59 hyphenation exceptions out of 8191
 80i,14n,83p,1794b,1028s stack positions out of 10000i,1000n,20000p,200000b,200000s
</usr/share/texlive/texmf-dist/fonts/type1/public/amsfonts/cm/cmbx10.pfb></us
r/share/texlive/texmf-dist/fonts/type1/public/amsfonts/cm/cmbx12.pfb></usr/shar
e/texlive/texmf-dist/fonts/type1/public/amsfonts/cm/cmmi10.pfb></usr/share/texl
ive/texmf-dist/fonts/type1/public/amsfonts/cm/cmmi12.pfb></usr/share/texlive/te
xmf-dist/fonts/type1/public/amsfonts/cm/cmr10.pfb></usr/share/texlive/texmf-dis
t/fonts/type1/public/amsfonts/cm/cmr12.pfb></usr/share/texlive/texmf-dist/fonts
/type1/public/amsfonts/cm/cmr8.pfb></usr/share/texlive/texmf-dist/fonts/type1/p
ublic/amsfonts/cm/cmsy10.pfb></usr/share/texlive/texmf-dist/fonts/type1/public/
amsfonts/cm/cmsy8.pfb></usr/share/texlive/texmf-dist/fonts/type1/public/amsfont
s/cm/cmti10.pfb></usr/share/texlive/texmf-dist/fonts/type1/public/amsfonts/cm/c
mti12.pfb></usr/share/texlive/texmf-dist/fonts/type1/public/amsfonts/cm/cmtt10.
pfb></usr/share/texlive/texmf-dist/fonts/type1/public/amsfonts/symbols/msam10.p
fb></usr/share/texmf/fonts/type1/public/cm-super/sfbx0800.pfb></usr/share/texmf
/fonts/type1/public/cm-super/sfrm1095.pfb></usr/share/texmf/fonts/type1/public/
cm-super/sfrm1200.pfb>
Output written on main_clean.pdf (29 pages, 308993 bytes).
PDF statistics:
 301 PDF objects out of 1000 (max. 8388607)
 235 compressed objects within 3 object streams
 98 named destinations out of 1000 (max. 500000)
 33281 words of extra memory for PDF output out of 35830 (max. 10000000)

